This is pdfTeX, Version 3.14159265-2.6-1.40.19 (MiKTeX 2.9.6840) (preloaded format=pdflatex 2018.10.24)  7 MAY 2019 17:45
entering extended mode
**./_main.tex
(_main.tex
LaTeX2e <2018-04-01> patch level 5

("/Users/llien/Library/Application Support/MiKTeX/texmfs/install/tex/latex/base
/article.cls"
Document Class: article 2014/09/29 v1.4h Standard LaTeX document class

("/Users/llien/Library/Application Support/MiKTeX/texmfs/install/tex/latex/base
/size11.clo"
File: size11.clo 2014/09/29 v1.4h Standard LaTeX file (size option)
)
\c@part=\count80
\c@section=\count81
\c@subsection=\count82
\c@subsubsection=\count83
\c@paragraph=\count84
\c@subparagraph=\count85
\c@figure=\count86
\c@table=\count87
\abovecaptionskip=\skip41
\belowcaptionskip=\skip42
\bibindent=\dimen102
)
("/Users/llien/Library/Application Support/MiKTeX/texmfs/install/tex/latex/psnf
ss/times.sty"
Package: times 2005/04/12 PSNFSS-v9.2a (SPQR) 
)
(/192.168.35.14/hq/_distros/_lumatools/lumatools/_NEILL/docs/src/tmp/lumatools.
aux
(/192.168.35.14/hq/_distros/_lumatools/lumatools/_NEILL/docs/src/tmp/utils/macr
os.aux)
(/192.168.35.14/hq/_distros/_lumatools/lumatools/_NEILL/docs/src/tmp/utils/cove
r.aux)
(/192.168.35.14/hq/_distros/_lumatools/lumatools/_NEILL/docs/src/tmp/folder_str
ucture.aux) (/192.168.35.14/hq/_distros/_lumatools/lumatools/_NEILL/docs/src/tm
p/tools.aux)
(/192.168.35.14/hq/_distros/_lumatools/lumatools/_NEILL/docs/src/tmp/file_namin
g.aux))
\openout1 = `lumatools.aux'.

LaTeX Font Info:    Checking defaults for OML/cmm/m/it on input line 16.
LaTeX Font Info:    ... okay on input line 16.
LaTeX Font Info:    Checking defaults for T1/cmr/m/n on input line 16.
LaTeX Font Info:    ... okay on input line 16.
LaTeX Font Info:    Checking defaults for OT1/cmr/m/n on input line 16.
LaTeX Font Info:    ... okay on input line 16.
LaTeX Font Info:    Checking defaults for OMS/cmsy/m/n on input line 16.
LaTeX Font Info:    ... okay on input line 16.
LaTeX Font Info:    Checking defaults for OMX/cmex/m/n on input line 16.
LaTeX Font Info:    ... okay on input line 16.
LaTeX Font Info:    Checking defaults for U/cmr/m/n on input line 16.
LaTeX Font Info:    ... okay on input line 16.
LaTeX Font Info:    Try loading font information for OT1+ptm on input line 16.

("/Users/llien/Library/Application Support/MiKTeX/texmfs/install/tex/latex/psnf
ss/ot1ptm.fd"
File: ot1ptm.fd 2001/06/04 font definitions for OT1/ptm.
)
\openout2 = `utils/macros.aux'.

(utils/macros.tex)
\openout2 = `utils/cover.aux'.

(utils/cover.tex
LaTeX Font Info:    Font shape `OT1/ptm/bx/n' in size <20.74> not available
(Font)              Font shape `OT1/ptm/b/n' tried instead on input line 11.
LaTeX Font Info:    External font `cmex10' loaded for size
(Font)              <12> on input line 11.
LaTeX Font Info:    External font `cmex10' loaded for size
(Font)              <8> on input line 11.
LaTeX Font Info:    External font `cmex10' loaded for size
(Font)              <6> on input line 11.
LaTeX Font Info:    Try loading font information for OT1+pcr on input line 11.

("/Users/llien/Library/Application Support/MiKTeX/texmfs/install/tex/latex/psnf
ss/ot1pcr.fd"
File: ot1pcr.fd 2001/06/04 font definitions for OT1/pcr.
) [1




{/Users/llien/Library/Application Support/MiKTeX/texmfs/data/pdftex/config/pdft
ex.map}])
LaTeX Font Info:    Font shape `OT1/ptm/bx/n' in size <14.4> not available
(Font)              Font shape `OT1/ptm/b/n' tried instead on input line 20.

(/192.168.35.14/hq/_distros/_lumatools/lumatools/_NEILL/docs/src/tmp/lumatools.
toc
LaTeX Font Info:    Font shape `OT1/ptm/bx/n' in size <10.95> not available
(Font)              Font shape `OT1/ptm/b/n' tried instead on input line 1.
LaTeX Font Info:    External font `cmex10' loaded for size
(Font)              <10.95> on input line 3.
)
\tf@toc=\write3
\openout3 = `lumatools.toc'.

[2

] [3]
\openout2 = `folder_structure.aux'.

(folder_structure.tex
LaTeX Font Info:    Font shape `OT1/ptm/bx/n' in size <12> not available
(Font)              Font shape `OT1/ptm/b/n' tried instead on input line 4.

Overfull \hbox (8.73758pt too wide) in paragraph at lines 34--35
 \OT1/ptm/b/n/10.95 img[] \OT1/ptm/m/n/10.95 All images that aren't used by sha
ding should go here. Maybe even references?
 []

[4

]
LaTeX Font Info:    Font shape `OT1/pcr/bx/n' in size <10.95> not available
(Font)              Font shape `OT1/pcr/b/n' tried instead on input line 65.

Overfull \hbox (8.61655pt too wide) in paragraph at lines 65--65
 []\OT1/ptm/b/n/10.95 deliver[] \OT1/ptm/m/n/10.95 Here, make folders in the sa
me way as in \OT1/ptm/b/n/10.95 OUT\OT1/ptm/m/n/10.95 , and place the \OT1/ptm/
b/n/10.95 Deliverables
 []

[5] [6]
Overfull \hbox (8.638pt too wide) in paragraph at lines 87--88
 \OT1/ptm/b/n/10.95 animatic[] \OT1/ptm/m/n/10.95 All image files coming from t
he animatic that might be used as backplates
 []

) [7]
\openout2 = `tools.aux'.

(tools.tex) [8


]
\openout2 = `file_naming.aux'.

(file_naming.tex) [9


]
(/192.168.35.14/hq/_distros/_lumatools/lumatools/_NEILL/docs/src/tmp/lumatools.
aux
(/192.168.35.14/hq/_distros/_lumatools/lumatools/_NEILL/docs/src/tmp/utils/macr
os.aux)
(/192.168.35.14/hq/_distros/_lumatools/lumatools/_NEILL/docs/src/tmp/utils/cove
r.aux)
(/192.168.35.14/hq/_distros/_lumatools/lumatools/_NEILL/docs/src/tmp/folder_str
ucture.aux) (/192.168.35.14/hq/_distros/_lumatools/lumatools/_NEILL/docs/src/tm
p/tools.aux)
(/192.168.35.14/hq/_distros/_lumatools/lumatools/_NEILL/docs/src/tmp/file_namin
g.aux)) ) 
Here is how much of TeX's memory you used:
 379 strings out of 494889
 7503 string characters out of 3176956
 58345 words of memory out of 3000000
 4019 multiletter control sequences out of 15000+200000
 19733 words of font info for 46 fonts, out of 3000000 for 9000
 0 hyphenation exceptions out of 8191
 25i,6n,20p,642b,276s stack positions out of 5000i,500n,10000p,200000b,50000s
{/Users/llien/Library/Application Support/MiKTeX/texmfs/install/fonts/
enc/dvips/base/8r.enc}</Users/llien/Library/Application Support/MiKTeX/texmfs/i
nstall/fonts/type1/public/amsfonts/cm/cmmi10.pfb></Users/llien/Library/Applicat
ion Support/MiKTeX/texmfs/install/fonts/type1/public/amsfonts/cm/cmr10.pfb></Us
ers/llien/Library/Application Support/MiKTeX/texmfs/install/fonts/type1/public/
amsfonts/cm/cmsy10.pfb></Users/llien/Library/Application Support/MiKTeX/texmfs/
install/fonts/type1/urw/courier/ucrr8a.pfb></Users/llien/Library/Application Su
pport/MiKTeX/texmfs/install/fonts/type1/urw/times/utmb8a.pfb></Users/llien/Libr
ary/Application Support/MiKTeX/texmfs/install/fonts/type1/urw/times/utmr8a.pfb>
Output written on /192.168.35.14/hq/_distros/_lumatools/lumatools/_NEILL/docs/l
umatools.pdf (9 pages, 87866 bytes).
PDF statistics:
 57 PDF objects out of 1000 (max. 8388607)
 0 named destinations out of 1000 (max. 500000)
 1 words of extra memory for PDF output out of 10000 (max. 10000000)

